<?xml version="1.0" encoding="UTF-8"?>
<testsuite errors="0" failures="0" file="portscan_scan_tests.py" name="portscan_scan_tests.TestScan-20191122164014" skipped="0" tests="9" time="0.141" timestamp="2019-11-22T16:40:19">
	<testcase classname="portscan_scan_tests.TestScan" file="src/unittest/python/portscan_scan_tests.py" line="20" name="testShouldNotAllowMuchSmallerEndPort" time="0.022" timestamp="2019-11-22T16:40:19">
		<system-out>
<![CDATA[]]>		</system-out>
		<system-err>
<![CDATA[]]>		</system-err>
	</testcase>
	<testcase classname="portscan_scan_tests.TestScan" file="src/unittest/python/portscan_scan_tests.py" line="16" name="testShouldNotAllowSmallerEndPort" time="0.001" timestamp="2019-11-22T16:40:19">
		<system-out>
<![CDATA[]]>		</system-out>
		<system-err>
<![CDATA[]]>		</system-err>
	</testcase>
	<testcase classname="portscan_scan_tests.TestScan" file="src/unittest/python/portscan_scan_tests.py" line="49" name="testStartAndEndPortIsOpenSizeFive" time="0.039" timestamp="2019-11-22T16:40:19">
		<system-out>
<![CDATA[Starting scan on Port: 50000

Starting scan on Port: 50001

Starting scan on Port: 50002

Starting scan on Port: 50003

Starting scan on Port: 50004


Waiting on processes to conclude...

Processes complete...

]]>		</system-out>
		<system-err>
<![CDATA[]]>		</system-err>
	</testcase>
	<testcase classname="portscan_scan_tests.TestScan" file="src/unittest/python/portscan_scan_tests.py" line="44" name="testStartAndEndPortIsOpenSizeFour" time="0.017" timestamp="2019-11-22T16:40:19">
		<system-out>
<![CDATA[Starting scan on Port: 50000

Starting scan on Port: 50001

Starting scan on Port: 50002

Starting scan on Port: 50003


Waiting on processes to conclude...

Processes complete...

]]>		</system-out>
		<system-err>
<![CDATA[]]>		</system-err>
	</testcase>
	<testcase classname="portscan_scan_tests.TestScan" file="src/unittest/python/portscan_scan_tests.py" line="54" name="testStartAndEndPortIsOpenSizeSixWithOneNotOpen" time="0.021" timestamp="2019-11-22T16:40:19">
		<system-out>
<![CDATA[Starting scan on Port: 50000

Starting scan on Port: 50001

Starting scan on Port: 50002

Starting scan on Port: 50003

Starting scan on Port: 50004

Starting scan on Port: 50005


Waiting on processes to conclude...

Processes complete...

]]>		</system-out>
		<system-err>
<![CDATA[]]>		</system-err>
	</testcase>
	<testcase classname="portscan_scan_tests.TestScan" file="src/unittest/python/portscan_scan_tests.py" line="39" name="testStartAndEndPortIsOpenSizeThree" time="0.014" timestamp="2019-11-22T16:40:19">
		<system-out>
<![CDATA[Starting scan on Port: 50000

Starting scan on Port: 50001

Starting scan on Port: 50002


Waiting on processes to conclude...

Processes complete...

]]>		</system-out>
		<system-err>
<![CDATA[]]>		</system-err>
	</testcase>
	<testcase classname="portscan_scan_tests.TestScan" file="src/unittest/python/portscan_scan_tests.py" line="34" name="testStartAndEndPortIsOpenSizeTwo" time="0.013" timestamp="2019-11-22T16:40:19">
		<system-out>
<![CDATA[Starting scan on Port: 50000

Starting scan on Port: 50001


Waiting on processes to conclude...

Processes complete...

]]>		</system-out>
		<system-err>
<![CDATA[]]>		</system-err>
	</testcase>
	<testcase classname="portscan_scan_tests.TestScan" file="src/unittest/python/portscan_scan_tests.py" line="29" name="testStartPortOnlyIsNotOpen" time="0.006" timestamp="2019-11-22T16:40:19">
		<system-out>
<![CDATA[Starting scan on Port: 50005


Waiting on processes to conclude...

Processes complete...

]]>		</system-out>
		<system-err>
<![CDATA[]]>		</system-err>
	</testcase>
	<testcase classname="portscan_scan_tests.TestScan" file="src/unittest/python/portscan_scan_tests.py" line="24" name="testStartPortOnlyIsOpen" time="0.009" timestamp="2019-11-22T16:40:19">
		<system-out>
<![CDATA[Starting scan on Port: 50000


Waiting on processes to conclude...

Processes complete...

]]>		</system-out>
		<system-err>
<![CDATA[]]>		</system-err>
	</testcase>
</testsuite>
