<?xml version="1.0" encoding="UTF-8"?>
<testsuite errors="0" failures="0" file="portscan_scan_tests.py" name="portscan_scan_tests.TestScan-20191122164237" skipped="0" tests="10" time="0.164" timestamp="2019-11-22T16:42:43">
	<testcase classname="portscan_scan_tests.TestScan" file="src/unittest/python/portscan_scan_tests.py" line="20" name="testShouldNotAllowMuchSmallerEndPort" time="0.020" timestamp="2019-11-22T16:42:42">
		<system-out>
<![CDATA[]]>		</system-out>
		<system-err>
<![CDATA[]]>		</system-err>
	</testcase>
	<testcase classname="portscan_scan_tests.TestScan" file="src/unittest/python/portscan_scan_tests.py" line="16" name="testShouldNotAllowSmallerEndPort" time="0.001" timestamp="2019-11-22T16:42:42">
		<system-out>
<![CDATA[]]>		</system-out>
		<system-err>
<![CDATA[]]>		</system-err>
	</testcase>
	<testcase classname="portscan_scan_tests.TestScan" file="src/unittest/python/portscan_scan_tests.py" line="59" name="testStartAndEndPortHalfOpenHalfClosed" time="0.055" timestamp="2019-11-22T16:42:42">
		<system-out>
<![CDATA[Starting scan on Port: 50000

Starting scan on Port: 50001

Starting scan on Port: 50002

Starting scan on Port: 50003

Starting scan on Port: 50004

Starting scan on Port: 50005

Starting scan on Port: 50006

Starting scan on Port: 50007

Starting scan on Port: 50008

Starting scan on Port: 50009

Starting scan on Port: 50010


Waiting on processes to conclude...

Processes complete...

]]>		</system-out>
		<system-err>
<![CDATA[]]>		</system-err>
	</testcase>
	<testcase classname="portscan_scan_tests.TestScan" file="src/unittest/python/portscan_scan_tests.py" line="49" name="testStartAndEndPortIsOpenSizeFive" time="0.019" timestamp="2019-11-22T16:42:42">
		<system-out>
<![CDATA[Starting scan on Port: 50000

Starting scan on Port: 50001

Starting scan on Port: 50002

Starting scan on Port: 50003

Starting scan on Port: 50004


Waiting on processes to conclude...

Processes complete...

]]>		</system-out>
		<system-err>
<![CDATA[]]>		</system-err>
	</testcase>
	<testcase classname="portscan_scan_tests.TestScan" file="src/unittest/python/portscan_scan_tests.py" line="44" name="testStartAndEndPortIsOpenSizeFour" time="0.014" timestamp="2019-11-22T16:42:42">
		<system-out>
<![CDATA[Starting scan on Port: 50000

Starting scan on Port: 50001

Starting scan on Port: 50002

Starting scan on Port: 50003


Waiting on processes to conclude...

Processes complete...

]]>		</system-out>
		<system-err>
<![CDATA[]]>		</system-err>
	</testcase>
	<testcase classname="portscan_scan_tests.TestScan" file="src/unittest/python/portscan_scan_tests.py" line="54" name="testStartAndEndPortIsOpenSizeSixWithOneNotOpen" time="0.021" timestamp="2019-11-22T16:42:42">
		<system-out>
<![CDATA[Starting scan on Port: 50000

Starting scan on Port: 50001

Starting scan on Port: 50002

Starting scan on Port: 50003

Starting scan on Port: 50004

Starting scan on Port: 50005


Waiting on processes to conclude...

Processes complete...

]]>		</system-out>
		<system-err>
<![CDATA[]]>		</system-err>
	</testcase>
	<testcase classname="portscan_scan_tests.TestScan" file="src/unittest/python/portscan_scan_tests.py" line="39" name="testStartAndEndPortIsOpenSizeThree" time="0.011" timestamp="2019-11-22T16:42:43">
		<system-out>
<![CDATA[Starting scan on Port: 50000

Starting scan on Port: 50001

Starting scan on Port: 50002


Waiting on processes to conclude...

Processes complete...

]]>		</system-out>
		<system-err>
<![CDATA[]]>		</system-err>
	</testcase>
	<testcase classname="portscan_scan_tests.TestScan" file="src/unittest/python/portscan_scan_tests.py" line="34" name="testStartAndEndPortIsOpenSizeTwo" time="0.011" timestamp="2019-11-22T16:42:43">
		<system-out>
<![CDATA[Starting scan on Port: 50000

Starting scan on Port: 50001


Waiting on processes to conclude...

Processes complete...

]]>		</system-out>
		<system-err>
<![CDATA[]]>		</system-err>
	</testcase>
	<testcase classname="portscan_scan_tests.TestScan" file="src/unittest/python/portscan_scan_tests.py" line="29" name="testStartPortOnlyIsNotOpen" time="0.007" timestamp="2019-11-22T16:42:43">
		<system-out>
<![CDATA[Starting scan on Port: 50005


Waiting on processes to conclude...

Processes complete...

]]>		</system-out>
		<system-err>
<![CDATA[]]>		</system-err>
	</testcase>
	<testcase classname="portscan_scan_tests.TestScan" file="src/unittest/python/portscan_scan_tests.py" line="24" name="testStartPortOnlyIsOpen" time="0.006" timestamp="2019-11-22T16:42:43">
		<system-out>
<![CDATA[Starting scan on Port: 50000


Waiting on processes to conclude...

Processes complete...

]]>		</system-out>
		<system-err>
<![CDATA[]]>		</system-err>
	</testcase>
</testsuite>
