<?xml version="1.0" encoding="UTF-8"?>
<testsuite errors="0" failures="0" file="portscan_scan_tests.py" name="portscan_scan_tests.TestScan-20191122190925" skipped="0" tests="10" time="0.173" timestamp="2019-11-22T19:09:30">
	<testcase classname="portscan_scan_tests.TestScan" file="src/unittest/python/portscan_scan_tests.py" line="20" name="testShouldNotAllowMuchSmallerEndPort" time="0.022" timestamp="2019-11-22T19:09:30">
		<system-out>
<![CDATA[]]>		</system-out>
		<system-err>
<![CDATA[]]>		</system-err>
	</testcase>
	<testcase classname="portscan_scan_tests.TestScan" file="src/unittest/python/portscan_scan_tests.py" line="16" name="testShouldNotAllowSmallerEndPort" time="0.001" timestamp="2019-11-22T19:09:30">
		<system-out>
<![CDATA[]]>		</system-out>
		<system-err>
<![CDATA[]]>		</system-err>
	</testcase>
	<testcase classname="portscan_scan_tests.TestScan" file="src/unittest/python/portscan_scan_tests.py" line="59" name="testStartAndEndPortHalfOpenHalfClosed" time="0.058" timestamp="2019-11-22T19:09:30">
		<system-out>
<![CDATA[------------------------------------------------------------
Starting scan on Port: 50000
Starting scan on Port: 50001
Starting scan on Port: 50002
Starting scan on Port: 50003
Starting scan on Port: 50004
Starting scan on Port: 50005
Starting scan on Port: 50006
Starting scan on Port: 50007
Starting scan on Port: 50008
Starting scan on Port: 50009
Starting scan on Port: 50010

Waiting on processes to conclude...
Process 3592 Complete.
Process 3593 Complete.
Process 3595 Complete.
Process 3596 Complete.
Process 3598 Complete.
Process 3601 Complete.
Process 3603 Complete.
Process 3605 Complete.
Process 3607 Complete.
Process 3608 Complete.
Process 3610 Complete.
Processes complete...

------------------------------------------------------------
]]>		</system-out>
		<system-err>
<![CDATA[]]>		</system-err>
	</testcase>
	<testcase classname="portscan_scan_tests.TestScan" file="src/unittest/python/portscan_scan_tests.py" line="49" name="testStartAndEndPortIsOpenSizeFive" time="0.017" timestamp="2019-11-22T19:09:30">
		<system-out>
<![CDATA[------------------------------------------------------------
Starting scan on Port: 50000
Starting scan on Port: 50001
Starting scan on Port: 50002
Starting scan on Port: 50003
Starting scan on Port: 50004

Waiting on processes to conclude...
Process 3615 Complete.
Process 3616 Complete.
Process 3618 Complete.
Process 3619 Complete.
Process 3622 Complete.
Processes complete...

------------------------------------------------------------
]]>		</system-out>
		<system-err>
<![CDATA[]]>		</system-err>
	</testcase>
	<testcase classname="portscan_scan_tests.TestScan" file="src/unittest/python/portscan_scan_tests.py" line="44" name="testStartAndEndPortIsOpenSizeFour" time="0.015" timestamp="2019-11-22T19:09:30">
		<system-out>
<![CDATA[------------------------------------------------------------
Starting scan on Port: 50000
Starting scan on Port: 50001
Starting scan on Port: 50002
Starting scan on Port: 50003

Waiting on processes to conclude...
Process 3626 Complete.
Process 3627 Complete.
Process 3629 Complete.
Process 3630 Complete.
Processes complete...

------------------------------------------------------------
]]>		</system-out>
		<system-err>
<![CDATA[]]>		</system-err>
	</testcase>
	<testcase classname="portscan_scan_tests.TestScan" file="src/unittest/python/portscan_scan_tests.py" line="54" name="testStartAndEndPortIsOpenSizeSixWithOneNotOpen" time="0.021" timestamp="2019-11-22T19:09:30">
		<system-out>
<![CDATA[------------------------------------------------------------
Starting scan on Port: 50000
Starting scan on Port: 50001
Starting scan on Port: 50002
Starting scan on Port: 50003
Starting scan on Port: 50004
Starting scan on Port: 50005

Waiting on processes to conclude...
Process 3635 Complete.
Process 3636 Complete.
Process 3638 Complete.
Process 3639 Complete.
Process 3640 Complete.
Process 3643 Complete.
Processes complete...

------------------------------------------------------------
]]>		</system-out>
		<system-err>
<![CDATA[]]>		</system-err>
	</testcase>
	<testcase classname="portscan_scan_tests.TestScan" file="src/unittest/python/portscan_scan_tests.py" line="39" name="testStartAndEndPortIsOpenSizeThree" time="0.012" timestamp="2019-11-22T19:09:30">
		<system-out>
<![CDATA[------------------------------------------------------------
Starting scan on Port: 50000
Starting scan on Port: 50001
Starting scan on Port: 50002

Waiting on processes to conclude...
Process 3648 Complete.
Process 3649 Complete.
Process 3651 Complete.
Processes complete...

------------------------------------------------------------
]]>		</system-out>
		<system-err>
<![CDATA[]]>		</system-err>
	</testcase>
	<testcase classname="portscan_scan_tests.TestScan" file="src/unittest/python/portscan_scan_tests.py" line="34" name="testStartAndEndPortIsOpenSizeTwo" time="0.013" timestamp="2019-11-22T19:09:30">
		<system-out>
<![CDATA[------------------------------------------------------------
Starting scan on Port: 50000
Starting scan on Port: 50001

Waiting on processes to conclude...
Process 3655 Complete.
Process 3656 Complete.
Processes complete...

------------------------------------------------------------
]]>		</system-out>
		<system-err>
<![CDATA[]]>		</system-err>
	</testcase>
	<testcase classname="portscan_scan_tests.TestScan" file="src/unittest/python/portscan_scan_tests.py" line="29" name="testStartPortOnlyIsNotOpen" time="0.008" timestamp="2019-11-22T19:09:30">
		<system-out>
<![CDATA[------------------------------------------------------------
Starting scan on Port: 50005

Waiting on processes to conclude...
Process 3660 Complete.
Processes complete...

------------------------------------------------------------
]]>		</system-out>
		<system-err>
<![CDATA[]]>		</system-err>
	</testcase>
	<testcase classname="portscan_scan_tests.TestScan" file="src/unittest/python/portscan_scan_tests.py" line="24" name="testStartPortOnlyIsOpen" time="0.006" timestamp="2019-11-22T19:09:30">
		<system-out>
<![CDATA[------------------------------------------------------------
Starting scan on Port: 50000

Waiting on processes to conclude...
Process 3663 Complete.
Processes complete...

------------------------------------------------------------
]]>		</system-out>
		<system-err>
<![CDATA[]]>		</system-err>
	</testcase>
</testsuite>
